<?xml version="1.0" encoding="UTF-8"?>
<!-- Generated by org.testng.reporters.JUnitReportReporter -->
<testsuite hostname="AFREEN" failures="0" tests="1" name="testrunner.Runnerfile" time="5.297" errors="0" timestamp="2025-07-18T16:49:17 IST" skipped="0">
  <testcase classname="testrunner.Runnerfile" name="runScenario" time="5.297"/>
</testsuite> <!-- testrunner.Runnerfile -->
